<?xml version="1.0" encoding="UTF-8"?>
<!-- Generated by org.testng.reporters.JUnitXMLReporter -->
<testsuite ignored="0" hostname="DESKTOP-HIN4ESK" failures="0" tests="3" name="Default test" time="17.785" errors="0" timestamp="2024-08-20T19:41:14 IST">
  <testcase classname="tests.logintest" name="logintestcases" time="1.323"/>
  <testcase classname="tests.logintest" name="logintestcases" time="0.151"/>
  <testcase classname="tests.logintest" name="logintestcases" time="6.324"/>
</testsuite> <!-- Default test -->
