<?xml version="1.0" encoding="UTF-8"?>
<!-- Generated by org.testng.reporters.JUnitXMLReporter -->
<testsuite ignored="0" hostname="DESKTOP-HIN4ESK" failures="0" tests="3" name="Test" time="32.648" errors="0" timestamp="2024-08-20T19:14:52 IST">
  <testcase classname="tests.logintest" name="logintestcases" time="0.827"/>
  <testcase classname="tests.logintest" name="logintestcases" time="0.151"/>
  <testcase classname="tests.logintest" name="logintestcases" time="22.006"/>
</testsuite> <!-- Test -->
