<?xml version="1.0" encoding="UTF-8"?>
<testng-results ignored="0" total="3" passed="3" failed="0" skipped="0">
  <reporter-output>
  </reporter-output>
  <suite started-at="2024-08-20T19:40:56 IST" name="Default suite" finished-at="2024-08-20T19:41:14 IST" duration-ms="17785">
    <groups>
    </groups>
    <test started-at="2024-08-20T19:40:56 IST" name="Default test" finished-at="2024-08-20T19:41:14 IST" duration-ms="17785">
      <class name="tests.logintest">
        <test-method is-config="true" signature="befreclass()[pri:0, instance:tests.logintest@1a4927d6]" started-at="2024-08-20T19:40:56 IST" name="befreclass" finished-at="2024-08-20T19:40:56 IST" duration-ms="7" status="PASS">
          <reporter-output>
          </reporter-output>
        </test-method> <!-- befreclass -->
        <test-method is-config="true" signature="befre()[pri:0, instance:tests.logintest@1a4927d6]" started-at="2024-08-20T19:40:57 IST" name="befre" finished-at="2024-08-20T19:41:00 IST" duration-ms="3201" status="PASS">
          <reporter-output>
          </reporter-output>
        </test-method> <!-- befre -->
        <test-method signature="logintestcases(java.lang.String,java.lang.String,java.lang.String)[pri:0, instance:tests.logintest@1a4927d6]" started-at="2024-08-20T19:41:00 IST" name="logintestcases" data-provider="Readingdatafromexcel" finished-at="2024-08-20T19:41:01 IST" duration-ms="1323" status="PASS">
          <params>
            <param index="0">
              <value>
                <![CDATA[student]]>
              </value>
            </param>
            <param index="1">
              <value>
                <![CDATA[Password123]]>
              </value>
            </param>
            <param index="2">
              <value>
                <![CDATA[Bothcorrect]]>
              </value>
            </param>
          </params>
          <reporter-output>
          </reporter-output>
        </test-method> <!-- logintestcases -->
        <test-method is-config="true" signature="aftre()[pri:0, instance:tests.logintest@1a4927d6]" started-at="2024-08-20T19:41:01 IST" name="aftre" finished-at="2024-08-20T19:41:02 IST" duration-ms="133" status="PASS">
          <reporter-output>
          </reporter-output>
        </test-method> <!-- aftre -->
        <test-method is-config="true" signature="befre()[pri:0, instance:tests.logintest@1a4927d6]" started-at="2024-08-20T19:41:02 IST" name="befre" finished-at="2024-08-20T19:41:05 IST" duration-ms="2903" status="PASS">
          <reporter-output>
          </reporter-output>
        </test-method> <!-- befre -->
        <test-method signature="logintestcases(java.lang.String,java.lang.String,java.lang.String)[pri:0, instance:tests.logintest@1a4927d6]" started-at="2024-08-20T19:41:05 IST" name="logintestcases" data-provider="Readingdatafromexcel" finished-at="2024-08-20T19:41:05 IST" duration-ms="151" status="PASS">
          <params>
            <param index="0">
              <value>
                <![CDATA[stunt]]>
              </value>
            </param>
            <param index="1">
              <value>
                <![CDATA[Password123]]>
              </value>
            </param>
            <param index="2">
              <value>
                <![CDATA[Usernameincorrect]]>
              </value>
            </param>
          </params>
          <reporter-output>
          </reporter-output>
        </test-method> <!-- logintestcases -->
        <test-method is-config="true" signature="aftre()[pri:0, instance:tests.logintest@1a4927d6]" started-at="2024-08-20T19:41:05 IST" name="aftre" finished-at="2024-08-20T19:41:05 IST" duration-ms="121" status="PASS">
          <reporter-output>
          </reporter-output>
        </test-method> <!-- aftre -->
        <test-method is-config="true" signature="befre()[pri:0, instance:tests.logintest@1a4927d6]" started-at="2024-08-20T19:41:05 IST" name="befre" finished-at="2024-08-20T19:41:07 IST" duration-ms="2670" status="PASS">
          <reporter-output>
          </reporter-output>
        </test-method> <!-- befre -->
        <test-method signature="logintestcases(java.lang.String,java.lang.String,java.lang.String)[pri:0, instance:tests.logintest@1a4927d6]" started-at="2024-08-20T19:41:07 IST" name="logintestcases" data-provider="Readingdatafromexcel" finished-at="2024-08-20T19:41:14 IST" duration-ms="6324" status="PASS">
          <params>
            <param index="0">
              <value>
                <![CDATA[student]]>
              </value>
            </param>
            <param index="1">
              <value>
                <![CDATA[Password123]]>
              </value>
            </param>
            <param index="2">
              <value>
                <![CDATA[Passwordincorrect]]>
              </value>
            </param>
          </params>
          <reporter-output>
          </reporter-output>
        </test-method> <!-- logintestcases -->
        <test-method is-config="true" signature="aftre()[pri:0, instance:tests.logintest@1a4927d6]" started-at="2024-08-20T19:41:14 IST" name="aftre" finished-at="2024-08-20T19:41:14 IST" duration-ms="77" status="PASS">
          <reporter-output>
          </reporter-output>
        </test-method> <!-- aftre -->
      </class> <!-- tests.logintest -->
    </test> <!-- Default test -->
  </suite> <!-- Default suite -->
</testng-results>
